<?xml version="1.0" encoding="UTF-8"?>
<!-- Generated by org.testng.reporters.JUnitXMLReporter -->
<testsuite ignored="0" hostname="LAPTOP-0JLLFQJ9" failures="1" tests="1" name="Test(failed)" time="27.752" errors="0" timestamp="2022-09-06T15:21:12 IST">
  <testcase classname="TestCases.VerifyLoginTestCase" name="login" time="3.634">
    <failure type="java.lang.AssertionError" message="The following asserts failed:
	expected [Please check your username and. If you still can&amp;apos;t log in, contact your Salesforce administrator.] but found [Please check your username and password. If you still can&amp;apos;t log in, contact your Salesforce administrator.]">
      <![CDATA[java.lang.AssertionError: The following asserts failed:
expected [Please check your username and. If you still can't log in, contact your Salesforce administrator.] but found [Please check your username and password. If you still can't log in, contact your Salesforce administrator.]
at Resources.CommonUtilities.handleAssertion(CommonUtilities.java:27)
at TestCases.VerifyLoginTestCase.login(VerifyLoginTestCase.java:40)
at java.base/java.util.ArrayList.forEach(ArrayList.java:1511)
... Removed 27 stack frames]]>
    </failure>
  </testcase> <!-- login -->
</testsuite> <!-- Test(failed) -->
